<?xml version="1.0" encoding="UTF-8"?>
<testng-results ignored="0" total="2" passed="2" failed="0" skipped="0">
  <reporter-output>
  </reporter-output>
  <suite started-at="2023-05-03T18:46:45 IST" name="Suite1" finished-at="2023-05-03T18:47:14 IST" duration-ms="29625">
    <groups>
    </groups>
    <test started-at="2023-05-03T18:46:45 IST" name="TestonChrome" finished-at="2023-05-03T18:47:14 IST" duration-ms="29625">
      <class name="launching.MultiBrowser">
        <test-method is-config="true" signature="lauchingBrowser(java.lang.String)[pri:0, instance:launching.MultiBrowser@63a12c68]" started-at="2023-05-03T18:46:45 IST" name="lauchingBrowser" finished-at="2023-05-03T18:46:50 IST" duration-ms="5112" status="PASS">
          <params>
            <param index="0">
              <value>
                <![CDATA[chrome]]>
              </value>
            </param>
          </params>
          <reporter-output>
          </reporter-output>
        </test-method> <!-- lauchingBrowser -->
        <test-method signature="preform()[pri:0, instance:launching.MultiBrowser@63a12c68]" started-at="2023-05-03T18:46:50 IST" name="preform" finished-at="2023-05-03T18:47:08 IST" duration-ms="17812" status="PASS">
          <reporter-output>
          </reporter-output>
        </test-method> <!-- preform -->
        <test-method signature="preformtonext()[pri:0, instance:launching.MultiBrowser@63a12c68]" started-at="2023-05-03T18:47:08 IST" name="preformtonext" finished-at="2023-05-03T18:47:14 IST" duration-ms="6259" status="PASS">
          <reporter-output>
          </reporter-output>
        </test-method> <!-- preformtonext -->
        <test-method is-config="true" signature="closethebrowser()[pri:0, instance:launching.MultiBrowser@63a12c68]" started-at="2023-05-03T18:47:14 IST" name="closethebrowser" finished-at="2023-05-03T18:47:14 IST" duration-ms="362" status="PASS">
          <reporter-output>
          </reporter-output>
        </test-method> <!-- closethebrowser -->
      </class> <!-- launching.MultiBrowser -->
    </test> <!-- TestonChrome -->
  </suite> <!-- Suite1 -->
</testng-results>
