<?xml version="1.0" encoding="UTF-8"?>
<testng-results ignored="0" total="3" passed="3" failed="0" skipped="0">
  <reporter-output>
  </reporter-output>
  <suite started-at="2023-05-16T11:48:51 IST" name="Suite1" finished-at="2023-05-16T11:49:07 IST" duration-ms="15918">
    <groups>
    </groups>
    <test started-at="2023-05-16T11:48:51 IST" name="pending leave request test case" finished-at="2023-05-16T11:48:55 IST" duration-ms="3101">
      <class name="testscripts.Test_Pending_leave_Request">
        <test-method signature="pendingThing()[pri:0, instance:testscripts.Test_Pending_leave_Request@505fc5a4]" started-at="2023-05-16T11:48:51 IST" name="pendingThing" finished-at="2023-05-16T11:48:55 IST" duration-ms="3032" status="PASS">
          <reporter-output>
          </reporter-output>
        </test-method> <!-- pendingThing -->
      </class> <!-- testscripts.Test_Pending_leave_Request -->
    </test> <!-- pending leave request test case -->
    <test started-at="2023-05-16T11:48:55 IST" name="Search Hotel details" finished-at="2023-05-16T11:48:57 IST" duration-ms="2808">
      <class name="testscripts.Test_User_Role">
        <test-method signature="fillDetails()[pri:0, instance:testscripts.Test_User_Role@5d0a1059]" started-at="2023-05-16T11:48:55 IST" name="fillDetails" finished-at="2023-05-16T11:48:57 IST" duration-ms="2802" status="PASS">
          <reporter-output>
          </reporter-output>
        </test-method> <!-- fillDetails -->
      </class> <!-- testscripts.Test_User_Role -->
    </test> <!-- Search Hotel details -->
    <test started-at="2023-05-16T11:48:57 IST" name="Book Hotel details" finished-at="2023-05-16T11:49:07 IST" duration-ms="9858">
      <class name="testscripts.Book_Hotel">
        <test-method is-config="true" signature="launchingBrowser()[pri:0, instance:testscripts.Book_Hotel@4803b726]" started-at="2023-05-16T11:48:34 IST" name="launchingBrowser" finished-at="2023-05-16T11:48:51 IST" duration-ms="17703" status="PASS">
          <reporter-output>
          </reporter-output>
        </test-method> <!-- launchingBrowser -->
        <test-method signature="bookingConfirmation()[pri:0, instance:testscripts.Book_Hotel@4803b726]" started-at="2023-05-16T11:48:57 IST" name="bookingConfirmation" finished-at="2023-05-16T11:49:07 IST" duration-ms="9851" status="PASS">
          <reporter-output>
          </reporter-output>
        </test-method> <!-- bookingConfirmation -->
        <test-method is-config="true" signature="tearDown()[pri:0, instance:testscripts.Book_Hotel@4803b726]" started-at="2023-05-16T11:49:07 IST" name="tearDown" finished-at="2023-05-16T11:49:10 IST" duration-ms="2798" status="PASS">
          <reporter-output>
          </reporter-output>
        </test-method> <!-- tearDown -->
      </class> <!-- testscripts.Book_Hotel -->
    </test> <!-- Book Hotel details -->
  </suite> <!-- Suite1 -->
</testng-results>
